{"C:\\Users\\Kuliah Farrel\\Coding\\Javascript\\auth-api\\src\\Applications\\security\\PasswordHash.js": {"path":"C:\\Users\\Kuliah Farrel\\Coding\\Javascript\\auth-api\\src\\Applications\\security\\PasswordHash.js","statementMap":{"0":{"start":{"line":3,"column":8},"end":{"line":3,"column":64}},"1":{"start":{"line":7,"column":0},"end":{"line":7,"column":30}}},"fnMap":{"0":{"name":"(anonymous_0)","decl":{"start":{"line":2,"column":4},"end":{"line":2,"column":5}},"loc":{"start":{"line":2,"column":25},"end":{"line":4,"column":5}},"line":2}},"branchMap":{},"s":{"0":1,"1":4},"f":{"0":1},"b":{},"_coverageSchema":"1a1c01bbd47fc00a2c39e90264f33305004495a9","hash":"a5a2a54eb88f374ecc88fd404ac85902f1fe2c7e"}
,"C:\\Users\\Kuliah Farrel\\Coding\\Javascript\\auth-api\\src\\Applications\\use_case\\AddUserUseCase.js": {"path":"C:\\Users\\Kuliah Farrel\\Coding\\Javascript\\auth-api\\src\\Applications\\use_case\\AddUserUseCase.js","statementMap":{"0":{"start":{"line":1,"column":21},"end":{"line":1,"column":73}},"1":{"start":{"line":5,"column":4},"end":{"line":5,"column":42}},"2":{"start":{"line":6,"column":4},"end":{"line":6,"column":38}},"3":{"start":{"line":10,"column":25},"end":{"line":10,"column":57}},"4":{"start":{"line":11,"column":4},"end":{"line":11,"column":78}},"5":{"start":{"line":12,"column":4},"end":{"line":12,"column":81}},"6":{"start":{"line":13,"column":4},"end":{"line":13,"column":54}},"7":{"start":{"line":17,"column":0},"end":{"line":17,"column":32}}},"fnMap":{"0":{"name":"(anonymous_0)","decl":{"start":{"line":4,"column":2},"end":{"line":4,"column":3}},"loc":{"start":{"line":4,"column":48},"end":{"line":7,"column":3}},"line":4},"1":{"name":"(anonymous_1)","decl":{"start":{"line":9,"column":2},"end":{"line":9,"column":3}},"loc":{"start":{"line":9,"column":32},"end":{"line":14,"column":3}},"line":9}},"branchMap":{},"s":{"0":2,"1":2,"2":2,"3":7,"4":3,"5":2,"6":2,"7":2},"f":{"0":2,"1":7},"b":{},"_coverageSchema":"1a1c01bbd47fc00a2c39e90264f33305004495a9","hash":"03ee231f120ffd611aed8b79f16f1f8824d8a350"}
,"C:\\Users\\Kuliah Farrel\\Coding\\Javascript\\auth-api\\src\\Commons\\config.js": {"path":"C:\\Users\\Kuliah Farrel\\Coding\\Javascript\\auth-api\\src\\Commons\\config.js","statementMap":{"0":{"start":{"line":1,"column":15},"end":{"line":1,"column":32}},"1":{"start":{"line":2,"column":13},"end":{"line":2,"column":28}},"2":{"start":{"line":4,"column":0},"end":{"line":10,"column":1}},"3":{"start":{"line":5,"column":4},"end":{"line":7,"column":7}},"4":{"start":{"line":9,"column":4},"end":{"line":9,"column":20}},"5":{"start":{"line":12,"column":15},"end":{"line":25,"column":1}},"6":{"start":{"line":27,"column":0},"end":{"line":27,"column":24}}},"fnMap":{},"branchMap":{"0":{"loc":{"start":{"line":4,"column":0},"end":{"line":10,"column":1}},"type":"if","locations":[{"start":{"line":4,"column":0},"end":{"line":10,"column":1}},{"start":{"line":8,"column":7},"end":{"line":10,"column":1}}],"line":4},"1":{"loc":{"start":{"line":14,"column":14},"end":{"line":14,"column":76}},"type":"cond-expr","locations":[{"start":{"line":14,"column":54},"end":{"line":14,"column":65}},{"start":{"line":14,"column":67},"end":{"line":14,"column":76}}],"line":14},"2":{"loc":{"start":{"line":16,"column":15},"end":{"line":16,"column":83}},"type":"cond-expr","locations":[{"start":{"line":16,"column":56},"end":{"line":16,"column":78}},{"start":{"line":16,"column":81},"end":{"line":16,"column":83}}],"line":16}},"s":{"0":2,"1":2,"2":2,"3":2,"4":0,"5":2,"6":2},"f":{},"b":{"0":[2,0],"1":[2,0],"2":[0,2]},"_coverageSchema":"1a1c01bbd47fc00a2c39e90264f33305004495a9","hash":"20c2b994a5d37dca1a81a1003d3d93f5d636c2db"}
,"C:\\Users\\Kuliah Farrel\\Coding\\Javascript\\auth-api\\src\\Commons\\exceptions\\AuthenticationError.js": {"path":"C:\\Users\\Kuliah Farrel\\Coding\\Javascript\\auth-api\\src\\Commons\\exceptions\\AuthenticationError.js","statementMap":{"0":{"start":{"line":1,"column":20},"end":{"line":1,"column":44}},"1":{"start":{"line":5,"column":8},"end":{"line":5,"column":28}},"2":{"start":{"line":6,"column":8},"end":{"line":6,"column":42}},"3":{"start":{"line":10,"column":0},"end":{"line":10,"column":37}}},"fnMap":{"0":{"name":"(anonymous_0)","decl":{"start":{"line":4,"column":4},"end":{"line":4,"column":5}},"loc":{"start":{"line":4,"column":25},"end":{"line":7,"column":5}},"line":4}},"branchMap":{},"s":{"0":1,"1":1,"2":1,"3":1},"f":{"0":1},"b":{},"_coverageSchema":"1a1c01bbd47fc00a2c39e90264f33305004495a9","hash":"263f528d3dc678b7126db0cf6d46ca168bc0267b"}
,"C:\\Users\\Kuliah Farrel\\Coding\\Javascript\\auth-api\\src\\Commons\\exceptions\\ClientError.js": {"path":"C:\\Users\\Kuliah Farrel\\Coding\\Javascript\\auth-api\\src\\Commons\\exceptions\\ClientError.js","statementMap":{"0":{"start":{"line":3,"column":8},"end":{"line":3,"column":23}},"1":{"start":{"line":5,"column":8},"end":{"line":7,"column":9}},"2":{"start":{"line":6,"column":12},"end":{"line":6,"column":65}},"3":{"start":{"line":9,"column":8},"end":{"line":9,"column":37}},"4":{"start":{"line":10,"column":8},"end":{"line":10,"column":34}},"5":{"start":{"line":14,"column":0},"end":{"line":14,"column":29}}},"fnMap":{"0":{"name":"(anonymous_0)","decl":{"start":{"line":2,"column":4},"end":{"line":2,"column":5}},"loc":{"start":{"line":2,"column":43},"end":{"line":11,"column":5}},"line":2}},"branchMap":{"0":{"loc":{"start":{"line":2,"column":25},"end":{"line":2,"column":41}},"type":"default-arg","locations":[{"start":{"line":2,"column":38},"end":{"line":2,"column":41}}],"line":2},"1":{"loc":{"start":{"line":5,"column":8},"end":{"line":7,"column":9}},"type":"if","locations":[{"start":{"line":5,"column":8},"end":{"line":7,"column":9}},{"start":{},"end":{}}],"line":5}},"s":{"0":18,"1":18,"2":1,"3":17,"4":17,"5":7},"f":{"0":18},"b":{"0":[16],"1":[1,17]},"_coverageSchema":"1a1c01bbd47fc00a2c39e90264f33305004495a9","hash":"4569cb7fef896f9e456729891c1d8353885559e5"}
,"C:\\Users\\Kuliah Farrel\\Coding\\Javascript\\auth-api\\src\\Commons\\exceptions\\DomainErrorTranslator.js": {"path":"C:\\Users\\Kuliah Farrel\\Coding\\Javascript\\auth-api\\src\\Commons\\exceptions\\DomainErrorTranslator.js","statementMap":{"0":{"start":{"line":1,"column":23},"end":{"line":1,"column":50}},"1":{"start":{"line":3,"column":30},"end":{"line":7,"column":1}},"2":{"start":{"line":5,"column":8},"end":{"line":5,"column":74}},"3":{"start":{"line":9,"column":0},"end":{"line":14,"column":2}},"4":{"start":{"line":16,"column":0},"end":{"line":16,"column":39}}},"fnMap":{"0":{"name":"(anonymous_0)","decl":{"start":{"line":4,"column":4},"end":{"line":4,"column":5}},"loc":{"start":{"line":4,"column":21},"end":{"line":6,"column":5}},"line":4}},"branchMap":{"0":{"loc":{"start":{"line":5,"column":15},"end":{"line":5,"column":73}},"type":"binary-expr","locations":[{"start":{"line":5,"column":15},"end":{"line":5,"column":64}},{"start":{"line":5,"column":68},"end":{"line":5,"column":73}}],"line":5}},"s":{"0":2,"1":2,"2":12,"3":2,"4":2},"f":{"0":12},"b":{"0":[12,4]},"_coverageSchema":"1a1c01bbd47fc00a2c39e90264f33305004495a9","hash":"ed4e9b1a61d0696240d0c560b434d325fea7f9a6"}
,"C:\\Users\\Kuliah Farrel\\Coding\\Javascript\\auth-api\\src\\Commons\\exceptions\\InvariantError.js": {"path":"C:\\Users\\Kuliah Farrel\\Coding\\Javascript\\auth-api\\src\\Commons\\exceptions\\InvariantError.js","statementMap":{"0":{"start":{"line":1,"column":20},"end":{"line":1,"column":44}},"1":{"start":{"line":5,"column":8},"end":{"line":5,"column":23}},"2":{"start":{"line":6,"column":8},"end":{"line":6,"column":37}},"3":{"start":{"line":10,"column":0},"end":{"line":10,"column":32}}},"fnMap":{"0":{"name":"(anonymous_0)","decl":{"start":{"line":4,"column":4},"end":{"line":4,"column":5}},"loc":{"start":{"line":4,"column":25},"end":{"line":7,"column":5}},"line":4}},"branchMap":{},"s":{"0":4,"1":15,"2":15,"3":4},"f":{"0":15},"b":{},"_coverageSchema":"1a1c01bbd47fc00a2c39e90264f33305004495a9","hash":"4cc9bbfd860bc21535ca97ff652a2480c9f32400"}
,"C:\\Users\\Kuliah Farrel\\Coding\\Javascript\\auth-api\\src\\Commons\\exceptions\\NotFoundError.js": {"path":"C:\\Users\\Kuliah Farrel\\Coding\\Javascript\\auth-api\\src\\Commons\\exceptions\\NotFoundError.js","statementMap":{"0":{"start":{"line":1,"column":20},"end":{"line":1,"column":44}},"1":{"start":{"line":5,"column":8},"end":{"line":5,"column":28}},"2":{"start":{"line":6,"column":8},"end":{"line":6,"column":36}},"3":{"start":{"line":10,"column":0},"end":{"line":10,"column":31}}},"fnMap":{"0":{"name":"(anonymous_0)","decl":{"start":{"line":4,"column":4},"end":{"line":4,"column":5}},"loc":{"start":{"line":4,"column":25},"end":{"line":7,"column":5}},"line":4}},"branchMap":{},"s":{"0":1,"1":1,"2":1,"3":1},"f":{"0":1},"b":{},"_coverageSchema":"1a1c01bbd47fc00a2c39e90264f33305004495a9","hash":"e7d75831e1fdf045dee569e0977770db8ea9b3b7"}
,"C:\\Users\\Kuliah Farrel\\Coding\\Javascript\\auth-api\\src\\Domains\\users\\UserRepository.js": {"path":"C:\\Users\\Kuliah Farrel\\Coding\\Javascript\\auth-api\\src\\Domains\\users\\UserRepository.js","statementMap":{"0":{"start":{"line":3,"column":8},"end":{"line":3,"column":66}},"1":{"start":{"line":7,"column":8},"end":{"line":7,"column":66}},"2":{"start":{"line":11,"column":0},"end":{"line":11,"column":32}}},"fnMap":{"0":{"name":"(anonymous_0)","decl":{"start":{"line":2,"column":4},"end":{"line":2,"column":5}},"loc":{"start":{"line":2,"column":32},"end":{"line":4,"column":5}},"line":2},"1":{"name":"(anonymous_1)","decl":{"start":{"line":6,"column":4},"end":{"line":6,"column":5}},"loc":{"start":{"line":6,"column":44},"end":{"line":8,"column":5}},"line":6}},"branchMap":{},"s":{"0":1,"1":1,"2":4},"f":{"0":1,"1":1},"b":{},"_coverageSchema":"1a1c01bbd47fc00a2c39e90264f33305004495a9","hash":"61a5abb13f4687e6426fcc455286b73b2d114442"}
,"C:\\Users\\Kuliah Farrel\\Coding\\Javascript\\auth-api\\src\\Domains\\users\\entities\\RegisterUser.js": {"path":"C:\\Users\\Kuliah Farrel\\Coding\\Javascript\\auth-api\\src\\Domains\\users\\entities\\RegisterUser.js","statementMap":{"0":{"start":{"line":3,"column":8},"end":{"line":3,"column":37}},"1":{"start":{"line":5,"column":49},"end":{"line":5,"column":56}},"2":{"start":{"line":7,"column":8},"end":{"line":7,"column":33}},"3":{"start":{"line":8,"column":8},"end":{"line":8,"column":33}},"4":{"start":{"line":9,"column":8},"end":{"line":9,"column":33}},"5":{"start":{"line":13,"column":8},"end":{"line":15,"column":9}},"6":{"start":{"line":14,"column":12},"end":{"line":14,"column":73}},"7":{"start":{"line":17,"column":8},"end":{"line":19,"column":9}},"8":{"start":{"line":18,"column":12},"end":{"line":18,"column":78}},"9":{"start":{"line":21,"column":8},"end":{"line":23,"column":9}},"10":{"start":{"line":22,"column":12},"end":{"line":22,"column":65}},"11":{"start":{"line":25,"column":8},"end":{"line":27,"column":9}},"12":{"start":{"line":26,"column":12},"end":{"line":26,"column":83}},"13":{"start":{"line":31,"column":0},"end":{"line":31,"column":30}}},"fnMap":{"0":{"name":"(anonymous_0)","decl":{"start":{"line":2,"column":4},"end":{"line":2,"column":5}},"loc":{"start":{"line":2,"column":25},"end":{"line":10,"column":5}},"line":2},"1":{"name":"(anonymous_1)","decl":{"start":{"line":12,"column":4},"end":{"line":12,"column":5}},"loc":{"start":{"line":12,"column":53},"end":{"line":28,"column":5}},"line":12}},"branchMap":{"0":{"loc":{"start":{"line":13,"column":8},"end":{"line":15,"column":9}},"type":"if","locations":[{"start":{"line":13,"column":8},"end":{"line":15,"column":9}},{"start":{},"end":{}}],"line":13},"1":{"loc":{"start":{"line":13,"column":11},"end":{"line":13,"column":46}},"type":"binary-expr","locations":[{"start":{"line":13,"column":11},"end":{"line":13,"column":20}},{"start":{"line":13,"column":24},"end":{"line":13,"column":33}},{"start":{"line":13,"column":37},"end":{"line":13,"column":46}}],"line":13},"2":{"loc":{"start":{"line":17,"column":8},"end":{"line":19,"column":9}},"type":"if","locations":[{"start":{"line":17,"column":8},"end":{"line":19,"column":9}},{"start":{},"end":{}}],"line":17},"3":{"loc":{"start":{"line":17,"column":11},"end":{"line":17,"column":103}},"type":"binary-expr","locations":[{"start":{"line":17,"column":11},"end":{"line":17,"column":39}},{"start":{"line":17,"column":43},"end":{"line":17,"column":71}},{"start":{"line":17,"column":75},"end":{"line":17,"column":103}}],"line":17},"4":{"loc":{"start":{"line":21,"column":8},"end":{"line":23,"column":9}},"type":"if","locations":[{"start":{"line":21,"column":8},"end":{"line":23,"column":9}},{"start":{},"end":{}}],"line":21},"5":{"loc":{"start":{"line":25,"column":8},"end":{"line":27,"column":9}},"type":"if","locations":[{"start":{"line":25,"column":8},"end":{"line":27,"column":9}},{"start":{},"end":{}}],"line":25}},"s":{"0":15,"1":7,"2":7,"3":7,"4":7,"5":15,"6":2,"7":13,"8":2,"9":11,"10":2,"11":9,"12":2,"13":4},"f":{"0":15,"1":15},"b":{"0":[2,13],"1":[15,14,14],"2":[2,11],"3":[13,12,12],"4":[2,9],"5":[2,7]},"_coverageSchema":"1a1c01bbd47fc00a2c39e90264f33305004495a9","hash":"57a1aded83fe372ae01a7efd8be7fda48e5f7248"}
,"C:\\Users\\Kuliah Farrel\\Coding\\Javascript\\auth-api\\src\\Domains\\users\\entities\\RegisteredUser.js": {"path":"C:\\Users\\Kuliah Farrel\\Coding\\Javascript\\auth-api\\src\\Domains\\users\\entities\\RegisteredUser.js","statementMap":{"0":{"start":{"line":3,"column":8},"end":{"line":3,"column":37}},"1":{"start":{"line":5,"column":43},"end":{"line":5,"column":50}},"2":{"start":{"line":7,"column":8},"end":{"line":7,"column":21}},"3":{"start":{"line":8,"column":8},"end":{"line":8,"column":33}},"4":{"start":{"line":9,"column":8},"end":{"line":9,"column":33}},"5":{"start":{"line":13,"column":8},"end":{"line":15,"column":9}},"6":{"start":{"line":14,"column":12},"end":{"line":14,"column":75}},"7":{"start":{"line":17,"column":8},"end":{"line":19,"column":9}},"8":{"start":{"line":18,"column":12},"end":{"line":18,"column":80}},"9":{"start":{"line":23,"column":0},"end":{"line":23,"column":32}}},"fnMap":{"0":{"name":"(anonymous_0)","decl":{"start":{"line":2,"column":4},"end":{"line":2,"column":5}},"loc":{"start":{"line":2,"column":25},"end":{"line":10,"column":5}},"line":2},"1":{"name":"(anonymous_1)","decl":{"start":{"line":12,"column":4},"end":{"line":12,"column":5}},"loc":{"start":{"line":12,"column":47},"end":{"line":20,"column":5}},"line":12}},"branchMap":{"0":{"loc":{"start":{"line":13,"column":8},"end":{"line":15,"column":9}},"type":"if","locations":[{"start":{"line":13,"column":8},"end":{"line":15,"column":9}},{"start":{},"end":{}}],"line":13},"1":{"loc":{"start":{"line":13,"column":12},"end":{"line":13,"column":41}},"type":"binary-expr","locations":[{"start":{"line":13,"column":12},"end":{"line":13,"column":15}},{"start":{"line":13,"column":19},"end":{"line":13,"column":28}},{"start":{"line":13,"column":32},"end":{"line":13,"column":41}}],"line":13},"2":{"loc":{"start":{"line":17,"column":8},"end":{"line":19,"column":9}},"type":"if","locations":[{"start":{"line":17,"column":8},"end":{"line":19,"column":9}},{"start":{},"end":{}}],"line":17},"3":{"loc":{"start":{"line":17,"column":12},"end":{"line":17,"column":98}},"type":"binary-expr","locations":[{"start":{"line":17,"column":12},"end":{"line":17,"column":34}},{"start":{"line":17,"column":38},"end":{"line":17,"column":66}},{"start":{"line":17,"column":70},"end":{"line":17,"column":98}}],"line":17}},"s":{"0":9,"1":7,"2":7,"3":7,"4":7,"5":9,"6":1,"7":8,"8":1,"9":4},"f":{"0":9,"1":9},"b":{"0":[1,8],"1":[9,8,8],"2":[1,7],"3":[8,7,7]},"_coverageSchema":"1a1c01bbd47fc00a2c39e90264f33305004495a9","hash":"1b38c845f818c0bf5502888d6b806983a6f8e6fc"}
,"C:\\Users\\Kuliah Farrel\\Coding\\Javascript\\auth-api\\src\\Infrastructures\\http\\createServer.js": {"path":"C:\\Users\\Kuliah Farrel\\Coding\\Javascript\\auth-api\\src\\Infrastructures\\http\\createServer.js","statementMap":{"0":{"start":{"line":1,"column":13},"end":{"line":1,"column":34}},"1":{"start":{"line":2,"column":14},"end":{"line":2,"column":56}},"2":{"start":{"line":3,"column":15},"end":{"line":3,"column":46}},"3":{"start":{"line":4,"column":30},"end":{"line":4,"column":87}},"4":{"start":{"line":5,"column":20},"end":{"line":5,"column":67}},"5":{"start":{"line":7,"column":21},"end":{"line":52,"column":1}},"6":{"start":{"line":8,"column":19},"end":{"line":12,"column":6}},"7":{"start":{"line":14,"column":4},"end":{"line":19,"column":7}},"8":{"start":{"line":21,"column":4},"end":{"line":49,"column":7}},"9":{"start":{"line":22,"column":29},"end":{"line":22,"column":36}},"10":{"start":{"line":24,"column":8},"end":{"line":46,"column":9}},"11":{"start":{"line":25,"column":36},"end":{"line":25,"column":77}},"12":{"start":{"line":27,"column":12},"end":{"line":34,"column":13}},"13":{"start":{"line":28,"column":36},"end":{"line":31,"column":18}},"14":{"start":{"line":32,"column":16},"end":{"line":32,"column":61}},"15":{"start":{"line":33,"column":16},"end":{"line":33,"column":35}},"16":{"start":{"line":36,"column":12},"end":{"line":38,"column":13}},"17":{"start":{"line":37,"column":16},"end":{"line":37,"column":33}},"18":{"start":{"line":40,"column":32},"end":{"line":43,"column":14}},"19":{"start":{"line":44,"column":12},"end":{"line":44,"column":34}},"20":{"start":{"line":45,"column":12},"end":{"line":45,"column":31}},"21":{"start":{"line":48,"column":8},"end":{"line":48,"column":25}},"22":{"start":{"line":51,"column":4},"end":{"line":51,"column":18}},"23":{"start":{"line":54,"column":0},"end":{"line":54,"column":30}}},"fnMap":{"0":{"name":"(anonymous_0)","decl":{"start":{"line":7,"column":21},"end":{"line":7,"column":22}},"loc":{"start":{"line":7,"column":41},"end":{"line":52,"column":1}},"line":7},"1":{"name":"(anonymous_1)","decl":{"start":{"line":21,"column":32},"end":{"line":21,"column":33}},"loc":{"start":{"line":21,"column":48},"end":{"line":49,"column":5}},"line":21}},"branchMap":{"0":{"loc":{"start":{"line":24,"column":8},"end":{"line":46,"column":9}},"type":"if","locations":[{"start":{"line":24,"column":8},"end":{"line":46,"column":9}},{"start":{},"end":{}}],"line":24},"1":{"loc":{"start":{"line":27,"column":12},"end":{"line":34,"column":13}},"type":"if","locations":[{"start":{"line":27,"column":12},"end":{"line":34,"column":13}},{"start":{},"end":{}}],"line":27},"2":{"loc":{"start":{"line":36,"column":12},"end":{"line":38,"column":13}},"type":"if","locations":[{"start":{"line":36,"column":12},"end":{"line":38,"column":13}},{"start":{},"end":{}}],"line":36}},"s":{"0":1,"1":1,"2":1,"3":1,"4":1,"5":1,"6":8,"7":8,"8":8,"9":8,"10":8,"11":7,"12":7,"13":5,"14":5,"15":5,"16":2,"17":1,"18":1,"19":1,"20":1,"21":1,"22":8,"23":1},"f":{"0":8,"1":8},"b":{"0":[7,1],"1":[5,2],"2":[1,1]},"_coverageSchema":"1a1c01bbd47fc00a2c39e90264f33305004495a9","hash":"fd56b50d3082ca5885fc7a12e5c7b3c850dea22b"}
,"C:\\Users\\Kuliah Farrel\\Coding\\Javascript\\auth-api\\src\\Infrastructures\\repository\\UserRepositoryPostgres.js": {"path":"C:\\Users\\Kuliah Farrel\\Coding\\Javascript\\auth-api\\src\\Infrastructures\\repository\\UserRepositoryPostgres.js","statementMap":{"0":{"start":{"line":1,"column":23},"end":{"line":1,"column":73}},"1":{"start":{"line":2,"column":23},"end":{"line":2,"column":77}},"2":{"start":{"line":3,"column":23},"end":{"line":3,"column":68}},"3":{"start":{"line":7,"column":8},"end":{"line":7,"column":16}},"4":{"start":{"line":8,"column":8},"end":{"line":8,"column":26}},"5":{"start":{"line":9,"column":8},"end":{"line":9,"column":40}},"6":{"start":{"line":13,"column":22},"end":{"line":16,"column":9}},"7":{"start":{"line":18,"column":23},"end":{"line":18,"column":52}},"8":{"start":{"line":20,"column":8},"end":{"line":22,"column":9}},"9":{"start":{"line":21,"column":12},"end":{"line":21,"column":64}},"10":{"start":{"line":26,"column":49},"end":{"line":26,"column":61}},"11":{"start":{"line":27,"column":19},"end":{"line":27,"column":48}},"12":{"start":{"line":29,"column":22},"end":{"line":32,"column":9}},"13":{"start":{"line":34,"column":23},"end":{"line":34,"column":52}},"14":{"start":{"line":36,"column":8},"end":{"line":36,"column":57}},"15":{"start":{"line":40,"column":0},"end":{"line":40,"column":40}}},"fnMap":{"0":{"name":"(anonymous_0)","decl":{"start":{"line":6,"column":4},"end":{"line":6,"column":5}},"loc":{"start":{"line":6,"column":35},"end":{"line":10,"column":5}},"line":6},"1":{"name":"(anonymous_1)","decl":{"start":{"line":12,"column":4},"end":{"line":12,"column":5}},"loc":{"start":{"line":12,"column":44},"end":{"line":23,"column":5}},"line":12},"2":{"name":"(anonymous_2)","decl":{"start":{"line":25,"column":4},"end":{"line":25,"column":5}},"loc":{"start":{"line":25,"column":32},"end":{"line":37,"column":5}},"line":25}},"branchMap":{"0":{"loc":{"start":{"line":20,"column":8},"end":{"line":22,"column":9}},"type":"if","locations":[{"start":{"line":20,"column":8},"end":{"line":22,"column":9}},{"start":{},"end":{}}],"line":20}},"s":{"0":2,"1":2,"2":2,"3":5,"4":5,"5":5,"6":4,"7":4,"8":4,"9":2,"10":3,"11":3,"12":3,"13":3,"14":3,"15":2},"f":{"0":5,"1":4,"2":3},"b":{"0":[2,2]},"_coverageSchema":"1a1c01bbd47fc00a2c39e90264f33305004495a9","hash":"927a6e7f4846721c476a1ad3a6d971aaefd929ef"}
,"C:\\Users\\Kuliah Farrel\\Coding\\Javascript\\auth-api\\src\\Infrastructures\\security\\BcryptPasswordHash.js": {"path":"C:\\Users\\Kuliah Farrel\\Coding\\Javascript\\auth-api\\src\\Infrastructures\\security\\BcryptPasswordHash.js","statementMap":{"0":{"start":{"line":1,"column":21},"end":{"line":1,"column":72}},"1":{"start":{"line":5,"column":8},"end":{"line":5,"column":16}},"2":{"start":{"line":6,"column":8},"end":{"line":6,"column":30}},"3":{"start":{"line":7,"column":8},"end":{"line":7,"column":36}},"4":{"start":{"line":11,"column":8},"end":{"line":11,"column":60}},"5":{"start":{"line":15,"column":0},"end":{"line":15,"column":36}}},"fnMap":{"0":{"name":"(anonymous_0)","decl":{"start":{"line":4,"column":4},"end":{"line":4,"column":5}},"loc":{"start":{"line":4,"column":40},"end":{"line":8,"column":5}},"line":4},"1":{"name":"(anonymous_1)","decl":{"start":{"line":10,"column":4},"end":{"line":10,"column":5}},"loc":{"start":{"line":10,"column":25},"end":{"line":12,"column":5}},"line":10}},"branchMap":{"0":{"loc":{"start":{"line":4,"column":24},"end":{"line":4,"column":38}},"type":"default-arg","locations":[{"start":{"line":4,"column":36},"end":{"line":4,"column":38}}],"line":4}},"s":{"0":2,"1":2,"2":2,"3":2,"4":2,"5":2},"f":{"0":2,"1":2},"b":{"0":[2]},"_coverageSchema":"1a1c01bbd47fc00a2c39e90264f33305004495a9","hash":"f01b199216aa2e3adcc637535df631f639a4b98e"}
,"C:\\Users\\Kuliah Farrel\\Coding\\Javascript\\auth-api\\src\\Interfaces\\http\\api\\users\\handler.js": {"path":"C:\\Users\\Kuliah Farrel\\Coding\\Javascript\\auth-api\\src\\Interfaces\\http\\api\\users\\handler.js","statementMap":{"0":{"start":{"line":1,"column":23},"end":{"line":1,"column":82}},"1":{"start":{"line":2,"column":20},"end":{"line":2,"column":73}},"2":{"start":{"line":3,"column":30},"end":{"line":3,"column":93}},"3":{"start":{"line":7,"column":8},"end":{"line":7,"column":36}},"4":{"start":{"line":9,"column":8},"end":{"line":9,"column":63}},"5":{"start":{"line":13,"column":31},"end":{"line":13,"column":79}},"6":{"start":{"line":14,"column":26},"end":{"line":14,"column":71}},"7":{"start":{"line":16,"column":25},"end":{"line":21,"column":10}},"8":{"start":{"line":22,"column":8},"end":{"line":22,"column":27}},"9":{"start":{"line":23,"column":8},"end":{"line":23,"column":24}},"10":{"start":{"line":27,"column":0},"end":{"line":27,"column":29}}},"fnMap":{"0":{"name":"(anonymous_0)","decl":{"start":{"line":6,"column":4},"end":{"line":6,"column":5}},"loc":{"start":{"line":6,"column":27},"end":{"line":10,"column":5}},"line":6},"1":{"name":"(anonymous_1)","decl":{"start":{"line":12,"column":4},"end":{"line":12,"column":5}},"loc":{"start":{"line":12,"column":38},"end":{"line":24,"column":5}},"line":12}},"branchMap":{},"s":{"0":1,"1":1,"2":1,"3":8,"4":8,"5":7,"6":6,"7":1,"8":1,"9":1,"10":1},"f":{"0":8,"1":7},"b":{},"_coverageSchema":"1a1c01bbd47fc00a2c39e90264f33305004495a9","hash":"1013f78dee06417f9c2422afe8851a22444f2127"}
,"C:\\Users\\Kuliah Farrel\\Coding\\Javascript\\auth-api\\src\\Interfaces\\http\\api\\users\\index.js": {"path":"C:\\Users\\Kuliah Farrel\\Coding\\Javascript\\auth-api\\src\\Interfaces\\http\\api\\users\\index.js","statementMap":{"0":{"start":{"line":1,"column":21},"end":{"line":1,"column":41}},"1":{"start":{"line":2,"column":15},"end":{"line":2,"column":34}},"2":{"start":{"line":4,"column":0},"end":{"line":10,"column":2}},"3":{"start":{"line":7,"column":29},"end":{"line":7,"column":56}},"4":{"start":{"line":8,"column":8},"end":{"line":8,"column":43}}},"fnMap":{"0":{"name":"(anonymous_0)","decl":{"start":{"line":6,"column":14},"end":{"line":6,"column":15}},"loc":{"start":{"line":6,"column":46},"end":{"line":9,"column":5}},"line":6}},"branchMap":{},"s":{"0":1,"1":1,"2":1,"3":8,"4":8},"f":{"0":8},"b":{},"_coverageSchema":"1a1c01bbd47fc00a2c39e90264f33305004495a9","hash":"8ba951fba877e2949675768df984bfd9152021cd"}
,"C:\\Users\\Kuliah Farrel\\Coding\\Javascript\\auth-api\\src\\Interfaces\\http\\api\\users\\routes.js": {"path":"C:\\Users\\Kuliah Farrel\\Coding\\Javascript\\auth-api\\src\\Interfaces\\http\\api\\users\\routes.js","statementMap":{"0":{"start":{"line":1,"column":15},"end":{"line":7,"column":2}},"1":{"start":{"line":1,"column":29},"end":{"line":7,"column":1}},"2":{"start":{"line":9,"column":0},"end":{"line":9,"column":24}}},"fnMap":{"0":{"name":"(anonymous_0)","decl":{"start":{"line":1,"column":15},"end":{"line":1,"column":16}},"loc":{"start":{"line":1,"column":29},"end":{"line":7,"column":1}},"line":1}},"branchMap":{},"s":{"0":1,"1":8,"2":1},"f":{"0":8},"b":{},"_coverageSchema":"1a1c01bbd47fc00a2c39e90264f33305004495a9","hash":"e9302ad9724622a12c290c38166616490adb9f52"}
}
